c:\users\wsgbcsc\documents\github\hotrolling\hotrolling\debug\vc120.pdb
c:\users\wsgbcsc\documents\github\hotrolling\hotrolling\debug\vc120.idb
c:\users\wsgbcsc\documents\github\hotrolling\hotrolling\debug\f_iphr_group.obj
c:\users\wsgbcsc\documents\github\hotrolling\hotrolling\debug\f_iphr_kpi.obj
c:\users\wsgbcsc\documents\github\hotrolling\hotrolling\debug\f_iphr_localsearch.obj
c:\users\wsgbcsc\documents\github\hotrolling\hotrolling\debug\f_iphr_localsearch1.obj
c:\users\wsgbcsc\documents\github\hotrolling\hotrolling\debug\f_iphr_localsearch2.obj
c:\users\wsgbcsc\documents\github\hotrolling\hotrolling\debug\f_iphr_localsearch3.obj
c:\users\wsgbcsc\documents\github\hotrolling\hotrolling\debug\f_iphr_localsearch4.obj
c:\users\wsgbcsc\documents\github\hotrolling\hotrolling\debug\f_iphr_overhaultime.obj
c:\users\wsgbcsc\documents\github\hotrolling\hotrolling\debug\f_iphr_proruncon.obj
c:\users\wsgbcsc\documents\github\hotrolling\hotrolling\debug\f_iphr_rollingkm.obj
c:\users\wsgbcsc\documents\github\hotrolling\hotrolling\debug\f_iphr_ruledef.obj
c:\users\wsgbcsc\documents\github\hotrolling\hotrolling\debug\f_iphr_ruleparadef.obj
c:\users\wsgbcsc\documents\github\hotrolling\hotrolling\debug\f_iphr_rulepenalty.obj
c:\users\wsgbcsc\documents\github\hotrolling\hotrolling\debug\main.obj
c:\users\wsgbcsc\documents\github\hotrolling\hotrolling\debug\f_iphr_steelcoil.obj
c:\users\wsgbcsc\documents\github\hotrolling\hotrolling\debug\f_iphr_tangguncai.obj
c:\users\wsgbcsc\documents\github\hotrolling\hotrolling\debug\f_iphr_tortoiseshell.obj
c:\users\wsgbcsc\documents\github\hotrolling\hotrolling\debug\f_iphr_tortoiseshellrule.obj
c:\users\wsgbcsc\documents\github\hotrolling\hotrolling\debug\f_iphr_zhuticai.obj
c:\users\wsgbcsc\documents\github\hotrolling\hotrolling\debug\f_iphr_coldhotslab.obj
c:\users\wsgbcsc\documents\github\hotrolling\hotrolling\debug\f_iphr_datacheck.obj
c:\users\wsgbcsc\documents\github\hotrolling\hotrolling\debug\hotrolling.tlog\cl.command.1.tlog
c:\users\wsgbcsc\documents\github\hotrolling\hotrolling\debug\hotrolling.tlog\cl.read.1.tlog
c:\users\wsgbcsc\documents\github\hotrolling\hotrolling\debug\hotrolling.tlog\cl.write.1.tlog
